<?xml version="1.0" encoding="UTF-8"?>
<!-- Generated by org.testng.reporters.JUnitXMLReporter -->
<testsuite ignored="0" hostname="EPINHYDW0F94" failures="0" tests="4" name="Test" time="17.363" errors="0" timestamp="2024-06-06T15:01:41 IST">
  <testcase classname="com.ebay.search.test.EbaySearchTest" name="SearchMethod_Test1" time="2.209"/>
  <testcase classname="com.ebay.search.test.EbaySearchTest" name="SearchMethod_Test2" time="1.448"/>
  <testcase classname="com.ebay.search.test.EbaySearchTest" name="SearchMethod_Test3" time="2.878"/>
  <testcase classname="com.ebay.search.test.EbaySearchTest" name="SearchMethod_Test4" time="2.729"/>
</testsuite> <!-- Test -->
