<?xml version="1.0" encoding="UTF-8"?>
<testng-results ignored="0" total="4" passed="4" failed="0" skipped="0">
  <reporter-output>
  </reporter-output>
  <suite started-at="2024-06-06T15:01:24 IST" name="Suite" finished-at="2024-06-06T15:01:41 IST" duration-ms="17363">
    <groups>
    </groups>
    <test started-at="2024-06-06T15:01:24 IST" name="Test" finished-at="2024-06-06T15:01:41 IST" duration-ms="17363">
      <class name="com.ebay.search.test.EbaySearchTest">
        <test-method is-config="true" signature="invoke_browser()[pri:0, instance:com.ebay.search.test.EbaySearchTest@4a83a74a]" started-at="2024-06-06T15:01:24 IST" name="invoke_browser" finished-at="2024-06-06T15:01:26 IST" duration-ms="2021" status="PASS">
          <reporter-output>
          </reporter-output>
        </test-method> <!-- invoke_browser -->
        <test-method is-config="true" signature="open_Website(java.lang.String)[pri:0, instance:com.ebay.search.test.EbaySearchTest@4a83a74a]" started-at="2024-06-06T15:01:26 IST" name="open_Website" finished-at="2024-06-06T15:01:28 IST" duration-ms="2030" status="PASS">
          <params>
            <param index="0">
              <value>
                <![CDATA[https://www.ebay.com]]>
              </value>
            </param>
          </params>
          <reporter-output>
          </reporter-output>
        </test-method> <!-- open_Website -->
        <test-method signature="SearchMethod_Test1()[pri:0, instance:com.ebay.search.test.EbaySearchTest@4a83a74a]" started-at="2024-06-06T15:01:28 IST" name="SearchMethod_Test1" finished-at="2024-06-06T15:01:30 IST" duration-ms="2209" status="PASS">
          <reporter-output>
          </reporter-output>
        </test-method> <!-- SearchMethod_Test1 -->
        <test-method is-config="true" signature="open_Website(java.lang.String)[pri:0, instance:com.ebay.search.test.EbaySearchTest@4a83a74a]" started-at="2024-06-06T15:01:30 IST" name="open_Website" finished-at="2024-06-06T15:01:32 IST" duration-ms="1375" status="PASS">
          <params>
            <param index="0">
              <value>
                <![CDATA[https://www.ebay.com]]>
              </value>
            </param>
          </params>
          <reporter-output>
          </reporter-output>
        </test-method> <!-- open_Website -->
        <test-method signature="SearchMethod_Test2()[pri:0, instance:com.ebay.search.test.EbaySearchTest@4a83a74a]" started-at="2024-06-06T15:01:32 IST" name="SearchMethod_Test2" finished-at="2024-06-06T15:01:33 IST" duration-ms="1448" status="PASS">
          <reporter-output>
          </reporter-output>
        </test-method> <!-- SearchMethod_Test2 -->
        <test-method is-config="true" signature="open_Website(java.lang.String)[pri:0, instance:com.ebay.search.test.EbaySearchTest@4a83a74a]" started-at="2024-06-06T15:01:33 IST" name="open_Website" finished-at="2024-06-06T15:01:34 IST" duration-ms="1166" status="PASS">
          <params>
            <param index="0">
              <value>
                <![CDATA[https://www.ebay.com]]>
              </value>
            </param>
          </params>
          <reporter-output>
          </reporter-output>
        </test-method> <!-- open_Website -->
        <test-method signature="SearchMethod_Test3()[pri:0, instance:com.ebay.search.test.EbaySearchTest@4a83a74a]" started-at="2024-06-06T15:01:34 IST" name="SearchMethod_Test3" finished-at="2024-06-06T15:01:37 IST" duration-ms="2878" status="PASS">
          <reporter-output>
          </reporter-output>
        </test-method> <!-- SearchMethod_Test3 -->
        <test-method is-config="true" signature="open_Website(java.lang.String)[pri:0, instance:com.ebay.search.test.EbaySearchTest@4a83a74a]" started-at="2024-06-06T15:01:37 IST" name="open_Website" finished-at="2024-06-06T15:01:38 IST" duration-ms="1118" status="PASS">
          <params>
            <param index="0">
              <value>
                <![CDATA[https://www.ebay.com]]>
              </value>
            </param>
          </params>
          <reporter-output>
          </reporter-output>
        </test-method> <!-- open_Website -->
        <test-method signature="SearchMethod_Test4()[pri:0, instance:com.ebay.search.test.EbaySearchTest@4a83a74a]" started-at="2024-06-06T15:01:38 IST" name="SearchMethod_Test4" finished-at="2024-06-06T15:01:41 IST" duration-ms="2729" status="PASS">
          <reporter-output>
          </reporter-output>
        </test-method> <!-- SearchMethod_Test4 -->
        <test-method is-config="true" signature="close_browser()[pri:0, instance:com.ebay.search.test.EbaySearchTest@4a83a74a]" started-at="2024-06-06T15:01:41 IST" name="close_browser" finished-at="2024-06-06T15:01:41 IST" duration-ms="355" status="PASS">
          <reporter-output>
          </reporter-output>
        </test-method> <!-- close_browser -->
      </class> <!-- com.ebay.search.test.EbaySearchTest -->
    </test> <!-- Test -->
  </suite> <!-- Suite -->
</testng-results>
